This file contains any messages produced by compilers while
running configure, to aid debugging if configure makes a mistake.

It was created by tracker configure 0.14.2, which was
generated by GNU Autoconf 2.68.  Invocation command line was

  $ /home/jls/tc-ext-tools/storage/tracker/src/temp/tracker-0.14.2/configure 

## --------- ##
## Platform. ##
## --------- ##

hostname = pc2
uname -m = i686
uname -r = 3.0.21-tinycore
uname -s = Linux
uname -v = #3021 SMP Sat Feb 18 11:54:11 EET 2012

/usr/bin/uname -p = unknown
/bin/uname -X     = unknown

/bin/arch              = unknown
/usr/bin/arch -k       = unknown
/usr/convex/getsysinfo = unknown
/usr/bin/hostinfo      = unknown
/bin/machine           = unknown
/usr/bin/oslevel       = unknown
/bin/universe          = unknown

PATH: /home/jls/.local/bin
PATH: /usr/local/sbin
PATH: /usr/local/bin
PATH: /apps/bin
PATH: /usr/sbin
PATH: /usr/bin
PATH: /sbin
PATH: /bin
PATH: /etc/sysconfig/tcedir/ondemand


## ----------- ##
## Core tests. ##
## ----------- ##

configure:3224: checking for a BSD-compatible install
configure:3292: result: /usr/bin/install -c
configure:3303: checking whether build environment is sane

## ---------------- ##
## Cache variables. ##
## ---------------- ##

ac_cv_env_CCC_set=''
ac_cv_env_CCC_value=''
ac_cv_env_CC_set=''
ac_cv_env_CC_value=''
ac_cv_env_CFLAGS_set=''
ac_cv_env_CFLAGS_value=''
ac_cv_env_CPPFLAGS_set=''
ac_cv_env_CPPFLAGS_value=''
ac_cv_env_CPP_set=''
ac_cv_env_CPP_value=''
ac_cv_env_CXXCPP_set=''
ac_cv_env_CXXCPP_value=''
ac_cv_env_CXXFLAGS_set=''
ac_cv_env_CXXFLAGS_value=''
ac_cv_env_CXX_set=''
ac_cv_env_CXX_value=''
ac_cv_env_ENCA_CFLAGS_set=''
ac_cv_env_ENCA_CFLAGS_value=''
ac_cv_env_ENCA_LIBS_set=''
ac_cv_env_ENCA_LIBS_value=''
ac_cv_env_EXEMPI_CFLAGS_set=''
ac_cv_env_EXEMPI_CFLAGS_value=''
ac_cv_env_EXEMPI_LIBS_set=''
ac_cv_env_EXEMPI_LIBS_value=''
ac_cv_env_GDKPIXBUF_CFLAGS_set=''
ac_cv_env_GDKPIXBUF_CFLAGS_value=''
ac_cv_env_GDKPIXBUF_LIBS_set=''
ac_cv_env_GDKPIXBUF_LIBS_value=''
ac_cv_env_GNOME_KEYRING_CFLAGS_set=''
ac_cv_env_GNOME_KEYRING_CFLAGS_value=''
ac_cv_env_GNOME_KEYRING_LIBS_set=''
ac_cv_env_GNOME_KEYRING_LIBS_value=''
ac_cv_env_GSTREAMER_CFLAGS_set=''
ac_cv_env_GSTREAMER_CFLAGS_value=''
ac_cv_env_GSTREAMER_LIBS_set=''
ac_cv_env_GSTREAMER_LIBS_value=''
ac_cv_env_GSTREAMER_PBUTILS_CFLAGS_set=''
ac_cv_env_GSTREAMER_PBUTILS_CFLAGS_value=''
ac_cv_env_GSTREAMER_PBUTILS_LIBS_set=''
ac_cv_env_GSTREAMER_PBUTILS_LIBS_value=''
ac_cv_env_GTKDOC_DEPS_CFLAGS_set=''
ac_cv_env_GTKDOC_DEPS_CFLAGS_value=''
ac_cv_env_GTKDOC_DEPS_LIBS_set=''
ac_cv_env_GTKDOC_DEPS_LIBS_value=''
ac_cv_env_GUPNP_DLNA_CFLAGS_set=''
ac_cv_env_GUPNP_DLNA_CFLAGS_value=''
ac_cv_env_GUPNP_DLNA_LIBS_set=''
ac_cv_env_GUPNP_DLNA_LIBS_value=''
ac_cv_env_GVDB_CFLAGS_set=''
ac_cv_env_GVDB_CFLAGS_value=''
ac_cv_env_GVDB_LIBS_set=''
ac_cv_env_GVDB_LIBS_value=''
ac_cv_env_HAL_CFLAGS_set=''
ac_cv_env_HAL_CFLAGS_value=''
ac_cv_env_HAL_LIBS_set=''
ac_cv_env_HAL_LIBS_value=''
ac_cv_env_LDFLAGS_set=''
ac_cv_env_LDFLAGS_value=''
ac_cv_env_LIBCUE_CFLAGS_set=''
ac_cv_env_LIBCUE_CFLAGS_value=''
ac_cv_env_LIBCUE_LIBS_set=''
ac_cv_env_LIBCUE_LIBS_value=''
ac_cv_env_LIBEXIF_CFLAGS_set=''
ac_cv_env_LIBEXIF_CFLAGS_value=''
ac_cv_env_LIBEXIF_LIBS_set=''
ac_cv_env_LIBEXIF_LIBS_value=''
ac_cv_env_LIBFLAC_CFLAGS_set=''
ac_cv_env_LIBFLAC_CFLAGS_value=''
ac_cv_env_LIBFLAC_LIBS_set=''
ac_cv_env_LIBFLAC_LIBS_value=''
ac_cv_env_LIBGSF_CFLAGS_set=''
ac_cv_env_LIBGSF_CFLAGS_value=''
ac_cv_env_LIBGSF_LIBS_set=''
ac_cv_env_LIBGSF_LIBS_value=''
ac_cv_env_LIBIPTCDATA_CFLAGS_set=''
ac_cv_env_LIBIPTCDATA_CFLAGS_value=''
ac_cv_env_LIBIPTCDATA_LIBS_set=''
ac_cv_env_LIBIPTCDATA_LIBS_value=''
ac_cv_env_LIBOSINFO_CFLAGS_set=''
ac_cv_env_LIBOSINFO_CFLAGS_value=''
ac_cv_env_LIBOSINFO_LIBS_set=''
ac_cv_env_LIBOSINFO_LIBS_value=''
ac_cv_env_LIBPNG_CFLAGS_set=''
ac_cv_env_LIBPNG_CFLAGS_value=''
ac_cv_env_LIBPNG_LIBS_set=''
ac_cv_env_LIBPNG_LIBS_value=''
ac_cv_env_LIBSTREAMANALYZER_CFLAGS_set=''
ac_cv_env_LIBSTREAMANALYZER_CFLAGS_value=''
ac_cv_env_LIBSTREAMANALYZER_LIBS_set=''
ac_cv_env_LIBSTREAMANALYZER_LIBS_value=''
ac_cv_env_LIBS_set=''
ac_cv_env_LIBS_value=''
ac_cv_env_LIBTRACKER_BUS_CFLAGS_set=''
ac_cv_env_LIBTRACKER_BUS_CFLAGS_value=''
ac_cv_env_LIBTRACKER_BUS_LIBS_set=''
ac_cv_env_LIBTRACKER_BUS_LIBS_value=''
ac_cv_env_LIBTRACKER_COMMON_CFLAGS_set=''
ac_cv_env_LIBTRACKER_COMMON_CFLAGS_value=''
ac_cv_env_LIBTRACKER_COMMON_LIBS_set=''
ac_cv_env_LIBTRACKER_COMMON_LIBS_value=''
ac_cv_env_LIBTRACKER_DATA_CFLAGS_set=''
ac_cv_env_LIBTRACKER_DATA_CFLAGS_value=''
ac_cv_env_LIBTRACKER_DATA_LIBS_set=''
ac_cv_env_LIBTRACKER_DATA_LIBS_value=''
ac_cv_env_LIBTRACKER_DIRECT_CFLAGS_set=''
ac_cv_env_LIBTRACKER_DIRECT_CFLAGS_value=''
ac_cv_env_LIBTRACKER_DIRECT_LIBS_set=''
ac_cv_env_LIBTRACKER_DIRECT_LIBS_value=''
ac_cv_env_LIBTRACKER_EXTRACT_CFLAGS_set=''
ac_cv_env_LIBTRACKER_EXTRACT_CFLAGS_value=''
ac_cv_env_LIBTRACKER_EXTRACT_LIBS_set=''
ac_cv_env_LIBTRACKER_EXTRACT_LIBS_value=''
ac_cv_env_LIBTRACKER_FTS_CFLAGS_set=''
ac_cv_env_LIBTRACKER_FTS_CFLAGS_value=''
ac_cv_env_LIBTRACKER_FTS_LIBS_set=''
ac_cv_env_LIBTRACKER_FTS_LIBS_value=''
ac_cv_env_LIBTRACKER_MINER_CFLAGS_set=''
ac_cv_env_LIBTRACKER_MINER_CFLAGS_value=''
ac_cv_env_LIBTRACKER_MINER_LIBS_set=''
ac_cv_env_LIBTRACKER_MINER_LIBS_value=''
ac_cv_env_LIBTRACKER_SPARQL_CFLAGS_set=''
ac_cv_env_LIBTRACKER_SPARQL_CFLAGS_value=''
ac_cv_env_LIBTRACKER_SPARQL_LIBS_set=''
ac_cv_env_LIBTRACKER_SPARQL_LIBS_value=''
ac_cv_env_LIBVORBIS_CFLAGS_set=''
ac_cv_env_LIBVORBIS_CFLAGS_value=''
ac_cv_env_LIBVORBIS_LIBS_set=''
ac_cv_env_LIBVORBIS_LIBS_value=''
ac_cv_env_LIBXML2_CFLAGS_set=''
ac_cv_env_LIBXML2_CFLAGS_value=''
ac_cv_env_LIBXML2_LIBS_set=''
ac_cv_env_LIBXML2_LIBS_value=''
ac_cv_env_MEEGOTOUCH_CFLAGS_set=''
ac_cv_env_MEEGOTOUCH_CFLAGS_value=''
ac_cv_env_MEEGOTOUCH_LIBS_set=''
ac_cv_env_MEEGOTOUCH_LIBS_value=''
ac_cv_env_NETWORK_MANAGER_CFLAGS_set=''
ac_cv_env_NETWORK_MANAGER_CFLAGS_value=''
ac_cv_env_NETWORK_MANAGER_LIBS_set=''
ac_cv_env_NETWORK_MANAGER_LIBS_value=''
ac_cv_env_PKG_CONFIG_LIBDIR_set=''
ac_cv_env_PKG_CONFIG_LIBDIR_value=''
ac_cv_env_PKG_CONFIG_PATH_set=''
ac_cv_env_PKG_CONFIG_PATH_value=''
ac_cv_env_PKG_CONFIG_set=''
ac_cv_env_PKG_CONFIG_value=''
ac_cv_env_POPPLER_CFLAGS_set=''
ac_cv_env_POPPLER_CFLAGS_value=''
ac_cv_env_POPPLER_LIBS_set=''
ac_cv_env_POPPLER_LIBS_value=''
ac_cv_env_QT_CFLAGS_set=''
ac_cv_env_QT_CFLAGS_value=''
ac_cv_env_QT_LIBS_set=''
ac_cv_env_QT_LIBS_value=''
ac_cv_env_SQLITE3_CFLAGS_set=''
ac_cv_env_SQLITE3_CFLAGS_value=''
ac_cv_env_SQLITE3_LIBS_set=''
ac_cv_env_SQLITE3_LIBS_value=''
ac_cv_env_TAGLIB_CFLAGS_set=''
ac_cv_env_TAGLIB_CFLAGS_value=''
ac_cv_env_TAGLIB_LIBS_set=''
ac_cv_env_TAGLIB_LIBS_value=''
ac_cv_env_TOTEM_PL_PARSER_CFLAGS_set=''
ac_cv_env_TOTEM_PL_PARSER_CFLAGS_value=''
ac_cv_env_TOTEM_PL_PARSER_LIBS_set=''
ac_cv_env_TOTEM_PL_PARSER_LIBS_value=''
ac_cv_env_TRACKER_CONTROL_CFLAGS_set=''
ac_cv_env_TRACKER_CONTROL_CFLAGS_value=''
ac_cv_env_TRACKER_CONTROL_LIBS_set=''
ac_cv_env_TRACKER_CONTROL_LIBS_value=''
ac_cv_env_TRACKER_EXPLORER_CFLAGS_set=''
ac_cv_env_TRACKER_EXPLORER_CFLAGS_value=''
ac_cv_env_TRACKER_EXPLORER_LIBS_set=''
ac_cv_env_TRACKER_EXPLORER_LIBS_value=''
ac_cv_env_TRACKER_EXTRACT_CFLAGS_set=''
ac_cv_env_TRACKER_EXTRACT_CFLAGS_value=''
ac_cv_env_TRACKER_EXTRACT_LIBS_set=''
ac_cv_env_TRACKER_EXTRACT_LIBS_value=''
ac_cv_env_TRACKER_EXTRACT_MODULES_CFLAGS_set=''
ac_cv_env_TRACKER_EXTRACT_MODULES_CFLAGS_value=''
ac_cv_env_TRACKER_EXTRACT_MODULES_LIBS_set=''
ac_cv_env_TRACKER_EXTRACT_MODULES_LIBS_value=''
ac_cv_env_TRACKER_MINER_EVOLUTION_CFLAGS_set=''
ac_cv_env_TRACKER_MINER_EVOLUTION_CFLAGS_value=''
ac_cv_env_TRACKER_MINER_EVOLUTION_LIBS_set=''
ac_cv_env_TRACKER_MINER_EVOLUTION_LIBS_value=''
ac_cv_env_TRACKER_MINER_FLICKR_CFLAGS_set=''
ac_cv_env_TRACKER_MINER_FLICKR_CFLAGS_value=''
ac_cv_env_TRACKER_MINER_FLICKR_LIBS_set=''
ac_cv_env_TRACKER_MINER_FLICKR_LIBS_value=''
ac_cv_env_TRACKER_MINER_FS_CFLAGS_set=''
ac_cv_env_TRACKER_MINER_FS_CFLAGS_value=''
ac_cv_env_TRACKER_MINER_FS_LIBS_set=''
ac_cv_env_TRACKER_MINER_FS_LIBS_value=''
ac_cv_env_TRACKER_MINER_RSS_CFLAGS_set=''
ac_cv_env_TRACKER_MINER_RSS_CFLAGS_value=''
ac_cv_env_TRACKER_MINER_RSS_LIBS_set=''
ac_cv_env_TRACKER_MINER_RSS_LIBS_value=''
ac_cv_env_TRACKER_NAUTILUS_EXTENSION_CFLAGS_set=''
ac_cv_env_TRACKER_NAUTILUS_EXTENSION_CFLAGS_value=''
ac_cv_env_TRACKER_NAUTILUS_EXTENSION_LIBS_set=''
ac_cv_env_TRACKER_NAUTILUS_EXTENSION_LIBS_value=''
ac_cv_env_TRACKER_NEEDLE_CFLAGS_set=''
ac_cv_env_TRACKER_NEEDLE_CFLAGS_value=''
ac_cv_env_TRACKER_NEEDLE_LIBS_set=''
ac_cv_env_TRACKER_NEEDLE_LIBS_value=''
ac_cv_env_TRACKER_PREFERENCES_CFLAGS_set=''
ac_cv_env_TRACKER_PREFERENCES_CFLAGS_value=''
ac_cv_env_TRACKER_PREFERENCES_LIBS_set=''
ac_cv_env_TRACKER_PREFERENCES_LIBS_value=''
ac_cv_env_TRACKER_RESDUMP_CFLAGS_set=''
ac_cv_env_TRACKER_RESDUMP_CFLAGS_value=''
ac_cv_env_TRACKER_RESDUMP_LIBS_set=''
ac_cv_env_TRACKER_RESDUMP_LIBS_value=''
ac_cv_env_TRACKER_SEARCH_BAR_CFLAGS_set=''
ac_cv_env_TRACKER_SEARCH_BAR_CFLAGS_value=''
ac_cv_env_TRACKER_SEARCH_BAR_LIBS_set=''
ac_cv_env_TRACKER_SEARCH_BAR_LIBS_value=''
ac_cv_env_TRACKER_STORE_CFLAGS_set=''
ac_cv_env_TRACKER_STORE_CFLAGS_value=''
ac_cv_env_TRACKER_STORE_LIBS_set=''
ac_cv_env_TRACKER_STORE_LIBS_value=''
ac_cv_env_TRACKER_UTILS_CFLAGS_set=''
ac_cv_env_TRACKER_UTILS_CFLAGS_value=''
ac_cv_env_TRACKER_UTILS_LIBS_set=''
ac_cv_env_TRACKER_UTILS_LIBS_value=''
ac_cv_env_TRACKER_WRITEBACK_CFLAGS_set=''
ac_cv_env_TRACKER_WRITEBACK_CFLAGS_value=''
ac_cv_env_TRACKER_WRITEBACK_LIBS_set=''
ac_cv_env_TRACKER_WRITEBACK_LIBS_value=''
ac_cv_env_UPOWER_CFLAGS_set=''
ac_cv_env_UPOWER_CFLAGS_value=''
ac_cv_env_UPOWER_LIBS_set=''
ac_cv_env_UPOWER_LIBS_value=''
ac_cv_env_XINE_CFLAGS_set=''
ac_cv_env_XINE_CFLAGS_value=''
ac_cv_env_XINE_LIBS_set=''
ac_cv_env_XINE_LIBS_value=''
ac_cv_env_build_alias_set=''
ac_cv_env_build_alias_value=''
ac_cv_env_host_alias_set=''
ac_cv_env_host_alias_value=''
ac_cv_env_target_alias_set=''
ac_cv_env_target_alias_value=''
ac_cv_path_install='/usr/bin/install -c'

## ----------------- ##
## Output variables. ##
## ----------------- ##

ACLOCAL=''
ALL_LINGUAS=''
AMDEPBACKSLASH=''
AMDEP_FALSE=''
AMDEP_TRUE=''
AMTAR=''
AM_BACKSLASH=''
AM_DEFAULT_V=''
AM_DEFAULT_VERBOSITY=''
AM_V=''
AR=''
AUTOCONF=''
AUTOHEADER=''
AUTOMAKE=''
AWK=''
BUILD_CFLAGS=''
BUILD_LIBICU_PARSER_FALSE=''
BUILD_LIBICU_PARSER_TRUE=''
BUILD_LIBS=''
BUILD_LIBUNISTRING_PARSER_FALSE=''
BUILD_LIBUNISTRING_PARSER_TRUE=''
BUILD_VALAFLAGS=''
CC=''
CCDEPMODE=''
CFLAGS=''
CPP=''
CPPFLAGS=''
CXX=''
CXXCPP=''
CXXDEPMODE=''
CXXFLAGS=''
CYGPATH_W=''
DATADIRNAME=''
DBUS_SERVICES_DIR=''
DEFS=''
DEPDIR=''
DIA=''
DISABLE_JOURNAL_FALSE=''
DISABLE_JOURNAL_TRUE=''
DIST_FUNCTIONAL_TESTS_FALSE=''
DIST_FUNCTIONAL_TESTS_TRUE=''
DLLTOOL=''
DSYMUTIL=''
DUMPBIN=''
ECHO_C=''
ECHO_N='-n'
ECHO_T=''
EGREP=''
ENABLE_GCOV_FALSE=''
ENABLE_GCOV_TRUE=''
ENABLE_GTK_DOC_FALSE=''
ENABLE_GTK_DOC_TRUE=''
ENCA_CFLAGS=''
ENCA_LIBS=''
EXEEXT=''
EXEMPI_CFLAGS=''
EXEMPI_LIBS=''
FGREP=''
FIREFOX=''
GCOV_CFLAGS=''
GCOV_LIBS=''
GCOV_VALAFLAGS=''
GDKPIXBUF_CFLAGS=''
GDKPIXBUF_LIBS=''
GETTEXT_MACRO_VERSION=''
GETTEXT_PACKAGE=''
GLIB_COMPILE_SCHEMAS=''
GLIB_GENMARSHAL=''
GLIB_MKENUMS=''
GMSGFMT=''
GMSGFMT_015=''
GNOME_KEYRING_CFLAGS=''
GNOME_KEYRING_LIBS=''
GRAPHVIZ_FDP=''
GREP=''
GSETTINGS_DISABLE_SCHEMAS_COMPILE=''
GSETTINGS_RULES=''
GSTREAMER_CFLAGS=''
GSTREAMER_LIBS=''
GSTREAMER_PBUTILS_CFLAGS=''
GSTREAMER_PBUTILS_LIBS=''
GTKDOC_CHECK=''
GTKDOC_DEPS_CFLAGS=''
GTKDOC_DEPS_LIBS=''
GTKDOC_MKPDF=''
GTKDOC_REBASE=''
GTK_DOC_BUILD_HTML_FALSE=''
GTK_DOC_BUILD_HTML_TRUE=''
GTK_DOC_BUILD_PDF_FALSE=''
GTK_DOC_BUILD_PDF_TRUE=''
GTK_DOC_USE_LIBTOOL_FALSE=''
GTK_DOC_USE_LIBTOOL_TRUE=''
GTK_DOC_USE_REBASE_FALSE=''
GTK_DOC_USE_REBASE_TRUE=''
GUPNP_DLNA_CFLAGS=''
GUPNP_DLNA_LIBS=''
GVDB_CFLAGS=''
GVDB_LIBS=''
HAL_CFLAGS=''
HAL_LIBS=''
HAVE_ENCA_FALSE=''
HAVE_ENCA_TRUE=''
HAVE_EXEMPI_FALSE=''
HAVE_EXEMPI_TRUE=''
HAVE_EXIF_FALSE=''
HAVE_EXIF_TRUE=''
HAVE_GDKPIXBUF_FALSE=''
HAVE_GDKPIXBUF_TRUE=''
HAVE_GNOME_KEYRING_FALSE=''
HAVE_GNOME_KEYRING_TRUE=''
HAVE_GRAPHVIZ_FDP_FALSE=''
HAVE_GRAPHVIZ_FDP_TRUE=''
HAVE_GSTREAMER_FALSE=''
HAVE_GSTREAMER_PBUTILS_FALSE=''
HAVE_GSTREAMER_PBUTILS_TRUE=''
HAVE_GSTREAMER_TRUE=''
HAVE_GUPNP_DLNA_FALSE=''
HAVE_GUPNP_DLNA_TRUE=''
HAVE_HAL_FALSE=''
HAVE_HAL_TRUE=''
HAVE_INTROSPECTION_FALSE=''
HAVE_INTROSPECTION_TRUE=''
HAVE_IPTC_FALSE=''
HAVE_IPTC_TRUE=''
HAVE_LIBCUE_FALSE=''
HAVE_LIBCUE_TRUE=''
HAVE_LIBFLAC_FALSE=''
HAVE_LIBFLAC_TRUE=''
HAVE_LIBGIF_FALSE=''
HAVE_LIBGIF_TRUE=''
HAVE_LIBGSF_FALSE=''
HAVE_LIBGSF_TRUE=''
HAVE_LIBJPEG_FALSE=''
HAVE_LIBJPEG_TRUE=''
HAVE_LIBOSINFO_FALSE=''
HAVE_LIBOSINFO_TRUE=''
HAVE_LIBSTREAMANALYZER_FALSE=''
HAVE_LIBSTREAMANALYZER_TRUE=''
HAVE_LIBTIFF_FALSE=''
HAVE_LIBTIFF_TRUE=''
HAVE_LIBVORBIS_FALSE=''
HAVE_LIBVORBIS_TRUE=''
HAVE_LIBXINE_FALSE=''
HAVE_LIBXINE_TRUE=''
HAVE_LIBXML2_FALSE=''
HAVE_LIBXML2_TRUE=''
HAVE_MAEMO_FALSE=''
HAVE_MAEMO_TRUE=''
HAVE_MEEGOTOUCH_FALSE=''
HAVE_MEEGOTOUCH_TRUE=''
HAVE_NETWORK_MANAGER_FALSE=''
HAVE_NETWORK_MANAGER_TRUE=''
HAVE_POPPLER_FALSE=''
HAVE_POPPLER_TRUE=''
HAVE_QT_FALSE=''
HAVE_QT_TRUE=''
HAVE_TAGLIB_FALSE=''
HAVE_TAGLIB_TRUE=''
HAVE_TOTEM_PL_PARSER_FALSE=''
HAVE_TOTEM_PL_PARSER_TRUE=''
HAVE_TRACKER_EXPLORER_FALSE=''
HAVE_TRACKER_EXPLORER_TRUE=''
HAVE_TRACKER_FTS_FALSE=''
HAVE_TRACKER_FTS_TRUE=''
HAVE_TRACKER_MINER_EVOLUTION_FALSE=''
HAVE_TRACKER_MINER_EVOLUTION_TRUE=''
HAVE_TRACKER_MINER_FIREFOX_FALSE=''
HAVE_TRACKER_MINER_FIREFOX_TRUE=''
HAVE_TRACKER_MINER_FLICKR_FALSE=''
HAVE_TRACKER_MINER_FLICKR_TRUE=''
HAVE_TRACKER_MINER_RSS_FALSE=''
HAVE_TRACKER_MINER_RSS_TRUE=''
HAVE_TRACKER_MINER_THUNDERBIRD_FALSE=''
HAVE_TRACKER_MINER_THUNDERBIRD_TRUE=''
HAVE_TRACKER_NAUTILUS_EXTENSION_FALSE=''
HAVE_TRACKER_NAUTILUS_EXTENSION_TRUE=''
HAVE_TRACKER_NEEDLE_FALSE=''
HAVE_TRACKER_NEEDLE_TRUE=''
HAVE_TRACKER_PREFERENCES_FALSE=''
HAVE_TRACKER_PREFERENCES_TRUE=''
HAVE_TRACKER_RESDUMP_FALSE=''
HAVE_TRACKER_RESDUMP_TRUE=''
HAVE_TRACKER_SEARCH_BAR_FALSE=''
HAVE_TRACKER_SEARCH_BAR_TRUE=''
HAVE_UNIT_TESTS_FALSE=''
HAVE_UNIT_TESTS_TRUE=''
HAVE_UPOWER_FALSE=''
HAVE_UPOWER_TRUE=''
HAVE_UPSTART_FALSE=''
HAVE_UPSTART_TRUE=''
HTML_DIR=''
INITCTL=''
INSTALL_DATA='${INSTALL} -m 644'
INSTALL_PROGRAM='${INSTALL}'
INSTALL_SCRIPT='${INSTALL}'
INSTALL_STRIP_PROGRAM=''
INTLLIBS=''
INTLTOOL_CAVES_RULE=''
INTLTOOL_DESKTOP_RULE=''
INTLTOOL_DIRECTORY_RULE=''
INTLTOOL_EXTRACT=''
INTLTOOL_KBD_RULE=''
INTLTOOL_KEYS_RULE=''
INTLTOOL_MERGE=''
INTLTOOL_OAF_RULE=''
INTLTOOL_PERL=''
INTLTOOL_POLICY_RULE=''
INTLTOOL_PONG_RULE=''
INTLTOOL_PROP_RULE=''
INTLTOOL_SCHEMAS_RULE=''
INTLTOOL_SERVER_RULE=''
INTLTOOL_SERVICE_RULE=''
INTLTOOL_SHEET_RULE=''
INTLTOOL_SOUNDLIST_RULE=''
INTLTOOL_THEME_RULE=''
INTLTOOL_UI_RULE=''
INTLTOOL_UPDATE=''
INTLTOOL_V_MERGE=''
INTLTOOL_V_MERGE_OPTIONS=''
INTLTOOL_XAM_RULE=''
INTLTOOL_XML_NOMERGE_RULE=''
INTLTOOL_XML_RULE=''
INTLTOOL__v_MERGE_0=''
INTLTOOL__v_MERGE_=''
INTL_MACOSX_LIBS=''
INTROSPECTION_CFLAGS=''
INTROSPECTION_COMPILER=''
INTROSPECTION_GENERATE=''
INTROSPECTION_GIRDIR=''
INTROSPECTION_LIBS=''
INTROSPECTION_MAKEFILE=''
INTROSPECTION_SCANNER=''
INTROSPECTION_TYPELIBDIR=''
LD=''
LDFLAGS=''
LIBCUE_CFLAGS=''
LIBCUE_LIBS=''
LIBEXIF_CFLAGS=''
LIBEXIF_LIBS=''
LIBFLAC_CFLAGS=''
LIBFLAC_LIBS=''
LIBGIF_CFLAGS=''
LIBGIF_LIBS=''
LIBGSF_CFLAGS=''
LIBGSF_LIBS=''
LIBICONV=''
LIBINTL=''
LIBIPTCDATA_CFLAGS=''
LIBIPTCDATA_LIBS=''
LIBJPEG_CFLAGS=''
LIBJPEG_LIBS=''
LIBOBJS=''
LIBOSINFO_CFLAGS=''
LIBOSINFO_LIBS=''
LIBPNG_CFLAGS=''
LIBPNG_LIBS=''
LIBS=''
LIBSTREAMANALYZER_CFLAGS=''
LIBSTREAMANALYZER_LIBS=''
LIBTIFF_CFLAGS=''
LIBTIFF_LIBS=''
LIBTOOL=''
LIBTRACKER_BUS_CFLAGS=''
LIBTRACKER_BUS_LIBS=''
LIBTRACKER_COMMON_CFLAGS=''
LIBTRACKER_COMMON_LIBS=''
LIBTRACKER_DATA_CFLAGS=''
LIBTRACKER_DATA_LIBS=''
LIBTRACKER_DIRECT_CFLAGS=''
LIBTRACKER_DIRECT_LIBS=''
LIBTRACKER_EXTRACT_CFLAGS=''
LIBTRACKER_EXTRACT_LIBS=''
LIBTRACKER_FTS_CFLAGS=''
LIBTRACKER_FTS_LIBS=''
LIBTRACKER_MINER_CFLAGS=''
LIBTRACKER_MINER_LIBS=''
LIBTRACKER_SPARQL_CFLAGS=''
LIBTRACKER_SPARQL_LIBS=''
LIBVORBIS_CFLAGS=''
LIBVORBIS_LIBS=''
LIBXML2_CFLAGS=''
LIBXML2_LIBS=''
LIPO=''
LN_S=''
LTLIBICONV=''
LTLIBINTL=''
LTLIBOBJS=''
LT_AGE=''
LT_CURRENT=''
LT_CURRENT_MINUS_AGE=''
LT_RELEASE=''
LT_REVISION=''
MAKEINFO=''
MANIFEST_TOOL=''
MEEGOTOUCH_CFLAGS=''
MEEGOTOUCH_LIBS=''
MKDIR_P=''
MSGFMT=''
MSGFMT_015=''
MSGMERGE=''
NETWORK_MANAGER_CFLAGS=''
NETWORK_MANAGER_LIBS=''
NM=''
NMEDIT=''
OBJDUMP=''
OBJEXT=''
OS_WIN32_FALSE=''
OS_WIN32_TRUE=''
OTOOL64=''
OTOOL=''
PACKAGE=''
PACKAGE_BUGREPORT='http://bugzilla.gnome.org/'
PACKAGE_NAME='tracker'
PACKAGE_STRING='tracker 0.14.2'
PACKAGE_TARNAME='tracker'
PACKAGE_URL='http://www.tracker-project.org'
PACKAGE_VERSION='0.14.2'
PATH_SEPARATOR=':'
PKG_CONFIG=''
PKG_CONFIG_LIBDIR=''
PKG_CONFIG_PATH=''
POPPLER_CFLAGS=''
POPPLER_LIBS=''
POSUB=''
PYTHON=''
QT_CFLAGS=''
QT_LIBS=''
RANLIB=''
SED=''
SET_MAKE=''
SHELL='/bin/sh'
SQLITE3_CFLAGS=''
SQLITE3_LIBS=''
STRIP=''
TAGLIB_CFLAGS=''
TAGLIB_LIBS=''
THUNDERBIRD=''
TOTEM_PL_PARSER_CFLAGS=''
TOTEM_PL_PARSER_LIBS=''
TRACKER_API_VERSION=''
TRACKER_API_VERSION_UNDERSCORES=''
TRACKER_BINARY_AGE=''
TRACKER_BINARY_VERSION=''
TRACKER_CONTROL_CFLAGS=''
TRACKER_CONTROL_LIBS=''
TRACKER_EXPLORER_CFLAGS=''
TRACKER_EXPLORER_LIBS=''
TRACKER_EXTRACT_CFLAGS=''
TRACKER_EXTRACT_LIBS=''
TRACKER_EXTRACT_MODULES_CFLAGS=''
TRACKER_EXTRACT_MODULES_LIBS=''
TRACKER_INTERFACE_AGE=''
TRACKER_MAJOR_VERSION=''
TRACKER_MICRO_VERSION=''
TRACKER_MINER_EVOLUTION_CFLAGS=''
TRACKER_MINER_EVOLUTION_INSTALL_DIR=''
TRACKER_MINER_EVOLUTION_LIBS=''
TRACKER_MINER_FIREFOX_INSTALL_DIR=''
TRACKER_MINER_FLICKR_CFLAGS=''
TRACKER_MINER_FLICKR_LIBS=''
TRACKER_MINER_FS_CFLAGS=''
TRACKER_MINER_FS_LIBS=''
TRACKER_MINER_RSS_CFLAGS=''
TRACKER_MINER_RSS_LIBS=''
TRACKER_MINER_THUNDERBIRD_INSTALL_DIR=''
TRACKER_MINOR_VERSION=''
TRACKER_NAUTILUS_EXTENSION_CFLAGS=''
TRACKER_NAUTILUS_EXTENSION_INSTALL_DIR=''
TRACKER_NAUTILUS_EXTENSION_LIBS=''
TRACKER_NEEDLE_CFLAGS=''
TRACKER_NEEDLE_LIBS=''
TRACKER_PREFERENCES_CFLAGS=''
TRACKER_PREFERENCES_LIBS=''
TRACKER_RESDUMP_CFLAGS=''
TRACKER_RESDUMP_LIBS=''
TRACKER_SEARCH_BAR_CFLAGS=''
TRACKER_SEARCH_BAR_LIBS=''
TRACKER_STORE_CFLAGS=''
TRACKER_STORE_LIBS=''
TRACKER_UTILS_CFLAGS=''
TRACKER_UTILS_LIBS=''
TRACKER_VERSION=''
TRACKER_WRITEBACK_CFLAGS=''
TRACKER_WRITEBACK_LIBS=''
UPOWER_CFLAGS=''
UPOWER_LIBS=''
USE_NLS=''
USING_EXTERNAL_GENERIC_MEDIA_PLAYER_FALSE=''
USING_EXTERNAL_GENERIC_MEDIA_PLAYER_TRUE=''
VALAC=''
VERSION=''
WARN_CFLAGS=''
XGETTEXT=''
XGETTEXT_015=''
XGETTEXT_EXTRA_OPTIONS=''
XINE_CFLAGS=''
XINE_LIBS=''
ac_ct_AR=''
ac_ct_CC=''
ac_ct_CXX=''
ac_ct_DUMPBIN=''
am__EXEEXT_FALSE=''
am__EXEEXT_TRUE=''
am__fastdepCC_FALSE=''
am__fastdepCC_TRUE=''
am__fastdepCXX_FALSE=''
am__fastdepCXX_TRUE=''
am__include=''
am__isrc=''
am__leading_dot=''
am__nodep=''
am__quote=''
am__tar=''
am__untar=''
bindir='${exec_prefix}/bin'
build=''
build_alias=''
build_cpu=''
build_os=''
build_vendor=''
datadir='${datarootdir}'
datarootdir='${prefix}/share'
docdir='${datarootdir}/doc/${PACKAGE_TARNAME}'
dvidir='${docdir}'
exec_prefix='NONE'
gsettingsschemadir=''
gtester=''
host=''
host_alias=''
host_cpu=''
host_os=''
host_vendor=''
htmldir='${docdir}'
includedir='${prefix}/include'
infodir='${datarootdir}/info'
install_sh=''
intltool__v_merge_options_0=''
intltool__v_merge_options_=''
libdir='${exec_prefix}/lib'
libexecdir='${exec_prefix}/libexec'
localedir='${datarootdir}/locale'
localstatedir='${prefix}/var'
mandir='${datarootdir}/man'
mkdir_p=''
oldincludedir='/usr/include'
pdfdir='${docdir}'
prefix='NONE'
program_transform_name='s,x,x,'
psdir='${docdir}'
sbindir='${exec_prefix}/sbin'
sharedstatedir='${prefix}/com'
sysconfdir='${prefix}/etc'
target_alias=''

## ----------- ##
## confdefs.h. ##
## ----------- ##

/* confdefs.h */
#define PACKAGE_NAME "tracker"
#define PACKAGE_TARNAME "tracker"
#define PACKAGE_VERSION "0.14.2"
#define PACKAGE_STRING "tracker 0.14.2"
#define PACKAGE_BUGREPORT "http://bugzilla.gnome.org/"
#define PACKAGE_URL "http://www.tracker-project.org"

configure: caught signal 2
configure: exit 1
